2025-07-29 22:57:52,818 - INFO - === 아이디어 오아시스 시스템 초기화 ===
2025-07-29 22:57:52,818 - INFO - 1. 데이터베이스 초기화 중...
2025-07-29 22:57:52,827 - INFO - 데이터베이스 초기화 완료
2025-07-29 22:57:52,827 - INFO - ✓ 데이터베이스 초기화 완료
2025-07-29 22:57:52,827 - INFO - 2. 테스트 크롤링 실행 중...
2025-07-29 22:57:52,827 - INFO - 아이디어 크롤러 시작
2025-07-29 22:57:52,827 - ERROR - 아이디어 저장 오류: table ideas has no column named title
2025-07-29 22:57:53,827 - ERROR - 아이디어 저장 오류: table ideas has no column named title
2025-07-29 22:57:54,828 - ERROR - 아이디어 저장 오류: table ideas has no column named title
2025-07-29 22:57:55,834 - INFO - 크롤러 완료: 3개 발견, 0개 추가
2025-07-29 22:57:55,834 - INFO - ✓ 테스트 크롤링 완료: {'ideas_found': 3, 'ideas_added': 0, 'status': 'success'}
2025-07-29 22:57:55,834 - INFO - 3. 시스템 설정 완료
2025-07-29 22:57:55,834 - INFO - 
=== 다음 단계 ===
2025-07-29 22:57:55,834 - INFO - 웹 서버 시작: python3 -m http.server 8000
2025-07-29 22:57:55,834 - INFO - 관리자 페이지: http://localhost:8000/admin.html
2025-07-29 22:57:55,834 - INFO - 메인 페이지: http://localhost:8000/
2025-07-29 22:57:55,834 - INFO - 
스케줄러 시작: python3 scheduler.py
2025-07-29 22:57:55,834 - INFO - 수동 크롤링: python3 scheduler.py --manual
2025-07-29 22:58:10,450 - INFO - === 아이디어 오아시스 시스템 초기화 ===
2025-07-29 22:58:10,450 - INFO - 1. 데이터베이스 초기화 중...
2025-07-29 22:58:10,457 - INFO - 데이터베이스 초기화 완료
2025-07-29 22:58:10,457 - INFO - ✓ 데이터베이스 초기화 완료
2025-07-29 22:58:10,457 - INFO - 2. 테스트 크롤링 실행 중...
2025-07-29 22:58:10,457 - INFO - 아이디어 크롤러 시작
2025-07-29 22:58:10,460 - INFO - 아이디어 저장 성공: 농업용 IoT 모니터링 시스템
2025-07-29 22:58:11,462 - INFO - 아이디어 저장 성공: AI 기반 개인 영양 관리 앱
2025-07-29 22:58:12,470 - INFO - 아이디어 저장 성공: 블록체인 기반 탄소 크레딧 거래소
2025-07-29 22:58:13,475 - INFO - 크롤러 완료: 3개 발견, 3개 추가
2025-07-29 22:58:13,475 - INFO - ✓ 테스트 크롤링 완료: {'ideas_found': 3, 'ideas_added': 3, 'status': 'success'}
2025-07-29 22:58:13,476 - INFO - 3. 시스템 설정 완료
2025-07-29 22:58:13,476 - INFO - 
=== 다음 단계 ===
2025-07-29 22:58:13,476 - INFO - 웹 서버 시작: python3 -m http.server 8000
2025-07-29 22:58:13,476 - INFO - 관리자 페이지: http://localhost:8000/admin.html
2025-07-29 22:58:13,476 - INFO - 메인 페이지: http://localhost:8000/
2025-07-29 22:58:13,476 - INFO - 
스케줄러 시작: python3 scheduler.py
2025-07-29 22:58:13,476 - INFO - 수동 크롤링: python3 scheduler.py --manual
